# JRE version: Java(TM) SE Runtime Environment (8.0_144-b01) (build 1.8.0_144-b01)
# Java VM: Java HotSpot(TM) 64-Bit Server VM (25.144-b01 mixed mode windows-amd64 compressed oops)
Heap:
 PSYoungGen      total 109056K, used 91947K [0x00000000eab00000, 0x00000000f5400000, 0x0000000100000000)
  eden space 93696K, 81% used [0x00000000eab00000,0x00000000ef5f4620,0x00000000f0680000)
  from space 15360K, 98% used [0x00000000f1c00000,0x00000000f2ad66b0,0x00000000f2b00000)
  to   space 22016K, 0% used [0x00000000f0680000,0x00000000f0680000,0x00000000f1c00000)
 ParOldGen       total 83968K, used 59421K [0x00000000c0000000, 0x00000000c5200000, 0x00000000eab00000)
  object space 83968K, 70% used [0x00000000c0000000,0x00000000c3a076f8,0x00000000c5200000)
 Metaspace       used 6809K, capacity 7544K, committed 7680K, reserved 1056768K
  class space    used 646K, capacity 688K, committed 768K, reserved 1048576K
GC Heap History (10 events):
Event: 18.530 GC heap before
{Heap before GC invocations=9 (full 0):
 PSYoungGen      total 71168K, used 71137K [0x00000000eab00000, 0x00000000eff00000, 0x0000000100000000)
  eden space 62464K, 100% used [0x00000000eab00000,0x00000000ee800000,0x00000000ee800000)
  from space 8704K, 99% used [0x00000000ef280000,0x00000000efaf8540,0x00000000efb00000)
  to   space 10752K, 0% used [0x00000000ee800000,0x00000000ee800000,0x00000000ef280000)
 ParOldGen       total 44032K, used 19619K [0x00000000c0000000, 0x00000000c2b00000, 0x00000000eab00000)
  object space 44032K, 44% used [0x00000000c0000000,0x00000000c1328f48,0x00000000c2b00000)
 Metaspace       used 6453K, capacity 7256K, committed 7424K, reserved 1056768K
  class space    used 627K, capacity 656K, committed 768K, reserved 1048576K
Event: 20.173 GC heap after
Heap after GC invocations=9 (full 0):
 PSYoungGen      total 73216K, used 10734K [0x00000000eab00000, 0x00000000f2b00000, 0x0000000100000000)
  eden space 62464K, 0% used [0x00000000eab00000,0x00000000eab00000,0x00000000ee800000)
  from space 10752K, 99% used [0x00000000ee800000,0x00000000ef27bb48,0x00000000ef280000)
  to   space 15360K, 0% used [0x00000000f1c00000,0x00000000f1c00000,0x00000000f2b00000)
 ParOldGen       total 44032K, used 28396K [0x00000000c0000000, 0x00000000c2b00000, 0x00000000eab00000)
  object space 44032K, 64% used [0x00000000c0000000,0x00000000c1bbb320,0x00000000c2b00000)
 Metaspace       used 6453K, capacity 7256K, committed 7424K, reserved 1056768K
  class space    used 627K, capacity 656K, committed 768K, reserved 1048576K
}
Event: 21.742 GC heap before
{Heap before GC invocations=10 (full 0):
 PSYoungGen      total 73216K, used 73198K [0x00000000eab00000, 0x00000000f2b00000, 0x0000000100000000)
  eden space 62464K, 100% used [0x00000000eab00000,0x00000000ee800000,0x00000000ee800000)
  from space 10752K, 99% used [0x00000000ee800000,0x00000000ef27bb48,0x00000000ef280000)
  to   space 15360K, 0% used [0x00000000f1c00000,0x00000000f1c00000,0x00000000f2b00000)
 ParOldGen       total 44032K, used 28396K [0x00000000c0000000, 0x00000000c2b00000, 0x00000000eab00000)
  object space 44032K, 64% used [0x00000000c0000000,0x00000000c1bbb320,0x00000000c2b00000)
 Metaspace       used 6463K, capacity 7256K, committed 7424K, reserved 1056768K
  class space    used 627K, capacity 656K, committed 768K, reserved 1048576K
Event: 22.128 GC heap after
Heap after GC invocations=10 (full 0):
 PSYoungGen      total 111104K, used 15334K [0x00000000eab00000, 0x00000000f3400000, 0x0000000100000000)
  eden space 95744K, 0% used [0x00000000eab00000,0x00000000eab00000,0x00000000f0880000)
  from space 15360K, 99% used [0x00000000f1c00000,0x00000000f2af99c0,0x00000000f2b00000)
  to   space 19968K, 0% used [0x00000000f0880000,0x00000000f0880000,0x00000000f1c00000)
 ParOldGen       total 44032K, used 34768K [0x00000000c0000000, 0x00000000c2b00000, 0x00000000eab00000)
  object space 44032K, 78% used [0x00000000c0000000,0x00000000c21f42d8,0x00000000c2b00000)
 Metaspace       used 6463K, capacity 7256K, committed 7424K, reserved 1056768K
  class space    used 627K, capacity 656K, committed 768K, reserved 1048576K
}
Event: 23.561 GC heap before
{Heap before GC invocations=11 (full 0):
 PSYoungGen      total 111104K, used 111078K [0x00000000eab00000, 0x00000000f3400000, 0x0000000100000000)
  eden space 95744K, 100% used [0x00000000eab00000,0x00000000f0880000,0x00000000f0880000)
  from space 15360K, 99% used [0x00000000f1c00000,0x00000000f2af99c0,0x00000000f2b00000)
  to   space 19968K, 0% used [0x00000000f0880000,0x00000000f0880000,0x00000000f1c00000)
 ParOldGen       total 44032K, used 34768K [0x00000000c0000000, 0x00000000c2b00000, 0x00000000eab00000)
  object space 44032K, 78% used [0x00000000c0000000,0x00000000c21f42d8,0x00000000c2b00000)
 Metaspace       used 6474K, capacity 7256K, committed 7424K, reserved 1056768K
  class space    used 627K, capacity 656K, committed 768K, reserved 1048576K
Event: 23.804 GC heap after
Heap after GC invocations=11 (full 0):
 PSYoungGen      total 115712K, used 16313K [0x00000000eab00000, 0x00000000f3400000, 0x0000000100000000)
  eden space 95744K, 0% used [0x00000000eab00000,0x00000000eab00000,0x00000000f0880000)
  from space 19968K, 81% used [0x00000000f0880000,0x00000000f186e490,0x00000000f1c00000)
  to   space 15360K, 0% used [0x00000000f1c00000,0x00000000f1c00000,0x00000000f2b00000)
 ParOldGen       total 50176K, used 49880K [0x00000000c0000000, 0x00000000c3100000, 0x00000000eab00000)
  object space 50176K, 99% used [0x00000000c0000000,0x00000000c30b6068,0x00000000c3100000)
 Metaspace       used 6474K, capacity 7256K, committed 7424K, reserved 1056768K
  class space    used 627K, capacity 656K, committed 768K, reserved 1048576K
}
Event: 23.804 GC heap before
{Heap before GC invocations=12 (full 1):
 PSYoungGen      total 115712K, used 16313K [0x00000000eab00000, 0x00000000f3400000, 0x0000000100000000)
  eden space 95744K, 0% used [0x00000000eab00000,0x00000000eab00000,0x00000000f0880000)
  from space 19968K, 81% used [0x00000000f0880000,0x00000000f186e490,0x00000000f1c00000)
  to   space 15360K, 0% used [0x00000000f1c00000,0x00000000f1c00000,0x00000000f2b00000)
 ParOldGen       total 50176K, used 49880K [0x00000000c0000000, 0x00000000c3100000, 0x00000000eab00000)
  object space 50176K, 99% used [0x00000000c0000000,0x00000000c30b6068,0x00000000c3100000)
 Metaspace       used 6474K, capacity 7256K, committed 7424K, reserved 1056768K
  class space    used 627K, capacity 656K, committed 768K, reserved 1048576K
Event: 26.375 GC heap after
Heap after GC invocations=12 (full 1):
 PSYoungGen      total 115712K, used 10025K [0x00000000eab00000, 0x00000000f3400000, 0x0000000100000000)
  eden space 95744K, 0% used [0x00000000eab00000,0x00000000eab00000,0x00000000f0880000)
  from space 19968K, 50% used [0x00000000f0880000,0x00000000f124a7d8,0x00000000f1c00000)
  to   space 15360K, 0% used [0x00000000f1c00000,0x00000000f1c00000,0x00000000f2b00000)
 ParOldGen       total 83968K, used 49951K [0x00000000c0000000, 0x00000000c5200000, 0x00000000eab00000)
  object space 83968K, 59% used [0x00000000c0000000,0x00000000c30c7fe8,0x00000000c5200000)
 Metaspace       used 6474K, capacity 7256K, committed 7424K, reserved 1056768K
  class space    used 627K, capacity 656K, committed 768K, reserved 1048576K
}
Event: 27.497 GC heap before
{Heap before GC invocations=13 (full 1):
 PSYoungGen      total 115712K, used 105769K [0x00000000eab00000, 0x00000000f3400000, 0x0000000100000000)
  eden space 95744K, 100% used [0x00000000eab00000,0x00000000f0880000,0x00000000f0880000)
  from space 19968K, 50% used [0x00000000f0880000,0x00000000f124a7d8,0x00000000f1c00000)
  to   space 15360K, 0% used [0x00000000f1c00000,0x00000000f1c00000,0x00000000f2b00000)
 ParOldGen       total 83968K, used 49951K [0x00000000c0000000, 0x00000000c5200000, 0x00000000eab00000)
  object space 83968K, 59% used [0x00000000c0000000,0x00000000c30c7fe8,0x00000000c5200000)
 Metaspace       used 6484K, capacity 7256K, committed 7424K, reserved 1056768K
  class space    used 627K, capacity 656K, committed 768K, reserved 1048576K
Event: 27.654 GC heap after
Heap after GC invocations=13 (full 1):
 PSYoungGen      total 109056K, used 15193K [0x00000000eab00000, 0x00000000f5400000, 0x0000000100000000)
  eden space 93696K, 0% used [0x00000000eab00000,0x00000000eab00000,0x00000000f0680000)
  from space 15360K, 98% used [0x00000000f1c00000,0x00000000f2ad66b0,0x00000000f2b00000)
  to   space 22016K, 0% used [0x00000000f0680000,0x00000000f0680000,0x00000000f1c00000)
 ParOldGen       total 83968K, used 59421K [0x00000000c0000000, 0x00000000c5200000, 0x00000000eab00000)
  object space 83968K, 70% used [0x00000000c0000000,0x00000000c3a076f8,0x00000000c5200000)
 Metaspace       used 6484K, capacity 7256K, committed 7424K, reserved 1056768K
  class space    used 627K, capacity 656K, committed 768K, reserved 1048576K
}

